<?xml version="1.0" encoding="UTF-8"?>
<testsuite xmlns:xsi="http://www.w3.org/2001/XMLSchema-instance" xsi:noNamespaceSchemaLocation="https://maven.apache.org/surefire/maven-surefire-plugin/xsd/surefire-test-report.xsd" name="com.nhnacademy.board.service.PostServiceTest" time="0" tests="6" errors="0" skipped="0" failures="0">
  <properties>
[...]
</properties>
  <testcase name="getPostList" classname="com.nhnacademy.board.service.PostServiceTest" time="0"/>
  <testcase name="delete" classname="com.nhnacademy.board.service.PostServiceTest" time="0"/>
  <testcase name="modify" classname="com.nhnacademy.board.service.PostServiceTest" time="0"/>
  <testcase name="register" classname="com.nhnacademy.board.service.PostServiceTest" time="0"/>
  <testcase name="getPost" classname="com.nhnacademy.board.service.PostServiceTest" time="0"/>
  <testcase name="getId" classname="com.nhnacademy.board.service.PostServiceTest" time="0"/>
</testsuite>